<html>
<head>
<title>TestNG:  Create Credit Note</title>
<link href="../testng.css" rel="stylesheet" type="text/css" />
<link href="../my-testng.css" rel="stylesheet" type="text/css" />

<style type="text/css">
.log { display: none;} 
.stack-trace { display: none;} 
</style>
<script type="text/javascript">
<!--
function flip(e) {
  current = e.style.display;
  if (current == 'block') {
    e.style.display = 'none';
    return 0;
  }
  else {
    e.style.display = 'block';
    return 1;
  }
}

function toggleBox(szDivId, elem, msg1, msg2)
{
  var res = -1;  if (document.getElementById) {
    res = flip(document.getElementById(szDivId));
  }
  else if (document.all) {
    // this is the way old msie versions work
    res = flip(document.all[szDivId]);
  }
  if(elem) {
    if(res == 0) elem.innerHTML = msg1; else elem.innerHTML = msg2;
  }

}

function toggleAllBoxes() {
  if (document.getElementsByTagName) {
    d = document.getElementsByTagName('div');
    for (i = 0; i < d.length; i++) {
      if (d[i].className == 'log') {
        flip(d[i]);
      }
    }
  }
}

// -->
</script>

</head>
<body>
<h2 align='center'>Create Credit Note</h2><table border='1' align="center">
<tr>
<td>Tests passed/Failed/Skipped:</td><td>13/0/1</td>
</tr><tr>
<td>Started on:</td><td>Thu Dec 10 16:56:12 WAT 2020</td>
</tr>
<tr><td>Total time:</td><td>153 seconds (153151 ms)</td>
</tr><tr>
<td>Included groups:</td><td></td>
</tr><tr>
<td>Excluded groups:</td><td></td>
</tr>
</table><p/>
<small><i>(Hover the method name to see the test class name)</i></small><p/>
<table width='100%' border='1' class='invocation-passed'>
<tr><td colspan='4' align='center'><b>PASSED TESTS</b></td></tr>
<tr><td><b>Test method</b></td>
<td width="30%"><b>Exception</b></td>
<td width="10%"><b>Time (seconds)</b></td>
<td><b>Instance</b></td>
</tr>
<tr>
<td title='CROWN.CICOD.COM.Account.CreateCreditNote.AccountButton()'><b>AccountButton</b><br>Test class: CROWN.CICOD.COM.Account.CreateCreditNote</td>
<td></td>
<td>1</td>
<td>CROWN.CICOD.COM.Account.CreateCreditNote@fa36558</td></tr>
<tr>
<td title='CROWN.CICOD.COM.Account.CreateCreditNote.AssertCreditNoteCreation()'><b>AssertCreditNoteCreation</b><br>Test class: CROWN.CICOD.COM.Account.CreateCreditNote</td>
<td></td>
<td>10</td>
<td>CROWN.CICOD.COM.Account.CreateCreditNote@fa36558</td></tr>
<tr>
<td title='CROWN.CICOD.COM.Account.CreateCreditNote.CreateCreditNoteButton()'><b>CreateCreditNoteButton</b><br>Test class: CROWN.CICOD.COM.Account.CreateCreditNote</td>
<td></td>
<td>3</td>
<td>CROWN.CICOD.COM.Account.CreateCreditNote@fa36558</td></tr>
<tr>
<td title='CROWN.CICOD.COM.Account.CreateCreditNote.CreditNoteButton()'><b>CreditNoteButton</b><br>Test class: CROWN.CICOD.COM.Account.CreateCreditNote</td>
<td></td>
<td>2</td>
<td>CROWN.CICOD.COM.Account.CreateCreditNote@fa36558</td></tr>
<tr>
<td title='CROWN.CICOD.COM.Account.CreateCreditNote.CustomerOrderManagement()'><b>CustomerOrderManagement</b><br>Test class: CROWN.CICOD.COM.Account.CreateCreditNote</td>
<td></td>
<td>9</td>
<td>CROWN.CICOD.COM.Account.CreateCreditNote@fa36558</td></tr>
<tr>
<td title='CROWN.CICOD.COM.Account.CreateCreditNote.Description()'><b>Description</b><br>Test class: CROWN.CICOD.COM.Account.CreateCreditNote</td>
<td></td>
<td>1</td>
<td>CROWN.CICOD.COM.Account.CreateCreditNote@fa36558</td></tr>
<tr>
<td title='CROWN.CICOD.COM.Account.CreateCreditNote.EnterAmount()'><b>EnterAmount</b><br>Test class: CROWN.CICOD.COM.Account.CreateCreditNote</td>
<td></td>
<td>1</td>
<td>CROWN.CICOD.COM.Account.CreateCreditNote@fa36558</td></tr>
<tr>
<td title='CROWN.CICOD.COM.Account.CreateCreditNote.EnterQuantity()'><b>EnterQuantity</b><br>Test class: CROWN.CICOD.COM.Account.CreateCreditNote</td>
<td></td>
<td>1</td>
<td>CROWN.CICOD.COM.Account.CreateCreditNote@fa36558</td></tr>
<tr>
<td title='CROWN.CICOD.COM.Account.CreateCreditNote.InputCustomerName()'><b>InputCustomerName</b><br>Test class: CROWN.CICOD.COM.Account.CreateCreditNote</td>
<td></td>
<td>6</td>
<td>CROWN.CICOD.COM.Account.CreateCreditNote@fa36558</td></tr>
<tr>
<td title='CROWN.CICOD.COM.Account.CreateCreditNote.SelectReason()'><b>SelectReason</b><br>Test class: CROWN.CICOD.COM.Account.CreateCreditNote</td>
<td></td>
<td>1</td>
<td>CROWN.CICOD.COM.Account.CreateCreditNote@fa36558</td></tr>
<tr>
<td title='CROWN.CICOD.COM.Account.CreateCreditNote.SendButton()'><b>SendButton</b><br>Test class: CROWN.CICOD.COM.Account.CreateCreditNote</td>
<td></td>
<td>2</td>
<td>CROWN.CICOD.COM.Account.CreateCreditNote@fa36558</td></tr>
<tr>
<td title='CROWN.CICOD.COM.Account.CreateCreditNote.inputInvoiceNumber()'><b>inputInvoiceNumber</b><br>Test class: CROWN.CICOD.COM.Account.CreateCreditNote</td>
<td></td>
<td>0</td>
<td>CROWN.CICOD.COM.Account.CreateCreditNote@fa36558</td></tr>
<tr>
<td title='CROWN.CICOD.COM.Account.CreateCreditNote.login()'><b>login</b><br>Test class: CROWN.CICOD.COM.Account.CreateCreditNote</td>
<td></td>
<td>7</td>
<td>CROWN.CICOD.COM.Account.CreateCreditNote@fa36558</td></tr>
</table><p>
<table width='100%' border='1' class='invocation-skipped'>
<tr><td colspan='4' align='center'><b>SKIPPED TESTS</b></td></tr>
<tr><td><b>Test method</b></td>
<td width="30%"><b>Exception</b></td>
<td width="10%"><b>Time (seconds)</b></td>
<td><b>Instance</b></td>
</tr>
<tr>
<td title='CROWN.CICOD.COM.Account.CreateCreditNote.AssertCreditNoteCreation()'><b>AssertCreditNoteCreation</b><br>Test class: CROWN.CICOD.COM.Account.CreateCreditNote</td>
<td><div><pre>org.openqa.selenium.NoSuchElementException: Unable to locate element: /html/body/div[2]/div/div[3]/div/div
For documentation on this error, please visit: https://www.seleniumhq.org/exceptions/no_such_element.html
Build info: version: &apos;3.141.59&apos;, revision: &apos;e82be7d358&apos;, time: &apos;2018-11-14T08:17:03&apos;
System info: host: &apos;DESKTOP-A9ARH4A&apos;, ip: &apos;192.168.43.169&apos;, os.name: &apos;Windows 10&apos;, os.arch: &apos;amd64&apos;, os.version: &apos;10.0&apos;, java.version: &apos;14.0.2&apos;
Driver info: org.openqa.selenium.firefox.FirefoxDriver
Capabilities {acceptInsecureCerts: true, browserName: firefox, browserVersion: 83.0, javascriptEnabled: true, moz:accessibilityChecks: false, moz:buildID: 20201112153044, moz:geckodriverVersion: 0.28.0, moz:headless: false, moz:processID: 22040, moz:profile: C:\Users\CROWN_STAFF\AppDat..., moz:shutdownTimeout: 60000, moz:useNonSpecCompliantPointerOrigin: false, moz:webdriverClick: true, pageLoadStrategy: normal, platform: WINDOWS, platformName: WINDOWS, platformVersion: 10.0, rotatable: false, setWindowRect: true, strictFileInteractability: false, timeouts: {implicit: 0, pageLoad: 300000, script: 30000}, unhandledPromptBehavior: dismiss and notify}
Session ID: a8dec942-eae7-4f20-a0b1-55aa57dd59f3
*** Element info: {Using=xpath, value=/html/body/div[2]/div/div[3]/div/div}
	at org.openqa.selenium.remote.http.W3CHttpResponseCodec.createException(W3CHttpResponseCodec.java:187)
	at org.openqa.selenium.remote.http.W3CHttpResponseCodec.decode(W3CHttpResponseCodec.java:122)
	at org.openqa.selenium.remote.http.W3CHttpResponseCodec.decode(W3CHttpResponseCodec.java:49)
	at org.openqa.selenium.remote.HttpCommandExecutor.execute(HttpCommandExecutor.java:158)
	at org.openqa.selenium.remote.service.DriverCommandExecutor.execute(DriverCommandExecutor.java:83)
	at org.openqa.selenium.remote.RemoteWebDriver.execute(RemoteWebDriver.java:552)
	at org.openqa.selenium.remote.RemoteWebDriver.findElement(RemoteWebDriver.java:323)
	at org.openqa.selenium.remote.RemoteWebDriver.findElementByXPath(RemoteWebDriver.java:428)
	at org.openqa.selenium.By$ByXPath.findElement(By.java:353)
	at org.openqa.selenium.remote.RemoteWebDriver.findElement(RemoteWebDriver.java:315)
	at CROWN.CICOD.COM.Account.CreateCreditNote.AssertCreditNoteCreation(CreateCreditNote.java:92)
	at com.intellij.rt.testng.IDEARemoteTestNG.run(IDEARemoteTestNG.java:66)
	at com.intellij.rt.testng.RemoteTestNGStarter.main(RemoteTestNGStarter.java:109)
... Removed 27 stack frames</pre></div><a href='#' onClick='toggleBox("stack-trace1800389329", this, "Click to show all stack frames", "Click to hide stack frames")'>Click to show all stack frames</a>
<div class='stack-trace' id='stack-trace1800389329'><pre>org.openqa.selenium.NoSuchElementException: Unable to locate element: /html/body/div[2]/div/div[3]/div/div
For documentation on this error, please visit: https://www.seleniumhq.org/exceptions/no_such_element.html
Build info: version: &apos;3.141.59&apos;, revision: &apos;e82be7d358&apos;, time: &apos;2018-11-14T08:17:03&apos;
System info: host: &apos;DESKTOP-A9ARH4A&apos;, ip: &apos;192.168.43.169&apos;, os.name: &apos;Windows 10&apos;, os.arch: &apos;amd64&apos;, os.version: &apos;10.0&apos;, java.version: &apos;14.0.2&apos;
Driver info: org.openqa.selenium.firefox.FirefoxDriver
Capabilities {acceptInsecureCerts: true, browserName: firefox, browserVersion: 83.0, javascriptEnabled: true, moz:accessibilityChecks: false, moz:buildID: 20201112153044, moz:geckodriverVersion: 0.28.0, moz:headless: false, moz:processID: 22040, moz:profile: C:\Users\CROWN_STAFF\AppDat..., moz:shutdownTimeout: 60000, moz:useNonSpecCompliantPointerOrigin: false, moz:webdriverClick: true, pageLoadStrategy: normal, platform: WINDOWS, platformName: WINDOWS, platformVersion: 10.0, rotatable: false, setWindowRect: true, strictFileInteractability: false, timeouts: {implicit: 0, pageLoad: 300000, script: 30000}, unhandledPromptBehavior: dismiss and notify}
Session ID: a8dec942-eae7-4f20-a0b1-55aa57dd59f3
*** Element info: {Using=xpath, value=/html/body/div[2]/div/div[3]/div/div}
	at java.base/jdk.internal.reflect.NativeConstructorAccessorImpl.newInstance0(Native Method)
	at java.base/jdk.internal.reflect.NativeConstructorAccessorImpl.newInstance(NativeConstructorAccessorImpl.java:62)
	at java.base/jdk.internal.reflect.DelegatingConstructorAccessorImpl.newInstance(DelegatingConstructorAccessorImpl.java:45)
	at java.base/java.lang.reflect.Constructor.newInstanceWithCaller(Constructor.java:500)
	at java.base/java.lang.reflect.Constructor.newInstance(Constructor.java:481)
	at org.openqa.selenium.remote.http.W3CHttpResponseCodec.createException(W3CHttpResponseCodec.java:187)
	at org.openqa.selenium.remote.http.W3CHttpResponseCodec.decode(W3CHttpResponseCodec.java:122)
	at org.openqa.selenium.remote.http.W3CHttpResponseCodec.decode(W3CHttpResponseCodec.java:49)
	at org.openqa.selenium.remote.HttpCommandExecutor.execute(HttpCommandExecutor.java:158)
	at org.openqa.selenium.remote.service.DriverCommandExecutor.execute(DriverCommandExecutor.java:83)
	at org.openqa.selenium.remote.RemoteWebDriver.execute(RemoteWebDriver.java:552)
	at org.openqa.selenium.remote.RemoteWebDriver.findElement(RemoteWebDriver.java:323)
	at org.openqa.selenium.remote.RemoteWebDriver.findElementByXPath(RemoteWebDriver.java:428)
	at org.openqa.selenium.By$ByXPath.findElement(By.java:353)
	at org.openqa.selenium.remote.RemoteWebDriver.findElement(RemoteWebDriver.java:315)
	at CROWN.CICOD.COM.Account.CreateCreditNote.AssertCreditNoteCreation(CreateCreditNote.java:92)
	at java.base/jdk.internal.reflect.NativeMethodAccessorImpl.invoke0(Native Method)
	at java.base/jdk.internal.reflect.NativeMethodAccessorImpl.invoke(NativeMethodAccessorImpl.java:62)
	at java.base/jdk.internal.reflect.DelegatingMethodAccessorImpl.invoke(DelegatingMethodAccessorImpl.java:43)
	at java.base/java.lang.reflect.Method.invoke(Method.java:564)
	at org.testng.internal.MethodInvocationHelper.invokeMethod(MethodInvocationHelper.java:124)
	at org.testng.internal.Invoker.invokeMethod(Invoker.java:583)
	at org.testng.internal.Invoker.invokeTestMethod(Invoker.java:719)
	at org.testng.internal.Invoker.invokeTestMethods(Invoker.java:989)
	at org.testng.internal.TestMethodWorker.invokeTestMethods(TestMethodWorker.java:125)
	at org.testng.internal.TestMethodWorker.run(TestMethodWorker.java:109)
	at org.testng.TestRunner.privateRun(TestRunner.java:648)
	at org.testng.TestRunner.run(TestRunner.java:505)
	at org.testng.SuiteRunner.runTest(SuiteRunner.java:455)
	at org.testng.SuiteRunner.runSequentially(SuiteRunner.java:450)
	at org.testng.SuiteRunner.privateRun(SuiteRunner.java:415)
	at org.testng.SuiteRunner.run(SuiteRunner.java:364)
	at org.testng.SuiteRunnerWorker.runSuite(SuiteRunnerWorker.java:52)
	at org.testng.SuiteRunnerWorker.run(SuiteRunnerWorker.java:84)
	at org.testng.TestNG.runSuitesSequentially(TestNG.java:1208)
	at org.testng.TestNG.runSuitesLocally(TestNG.java:1137)
	at org.testng.TestNG.runSuites(TestNG.java:1049)
	at org.testng.TestNG.run(TestNG.java:1017)
	at com.intellij.rt.testng.IDEARemoteTestNG.run(IDEARemoteTestNG.java:66)
	at com.intellij.rt.testng.RemoteTestNGStarter.main(RemoteTestNGStarter.java:109)
</pre></div></td>
<td>62</td>
<td>CROWN.CICOD.COM.Account.CreateCreditNote@fa36558</td></tr>
</table><p>
</body>
</html>